<?xml version="1.0" encoding="UTF-8"?>
<!-- Generated by org.testng.reporters.JUnitReportReporter -->
<testsuite hostname="LP-5CD6518TVV" name="com.freecrm.testcases.LoginTestCRM" tests="1" failures="0" timestamp="15 Aug 2019 16:35:10 GMT" time="3.655" errors="0">
  <testcase name="loginApp" time="3.655" classname="com.freecrm.testcases.LoginTestCRM"/>
</testsuite> <!-- com.freecrm.testcases.LoginTestCRM -->
