<?xml version="1.0" encoding="UTF-8"?>
<!-- Generated by org.testng.reporters.JUnitReportReporter -->
<testsuite hostname="LP-5CD6518TVV" name="com.freecrm.testcases.LoginTestCRM" tests="1" failures="0" timestamp="18 Aug 2019 03:22:39 GMT" time="3.907" errors="0">
  <testcase name="loginApp" time="3.907" classname="com.freecrm.testcases.LoginTestCRM"/>
</testsuite> <!-- com.freecrm.testcases.LoginTestCRM -->
